<?xml version="1.0" encoding="UTF-8"?>
<testsuite xmlns:xsi="http://www.w3.org/2001/XMLSchema-instance" xsi:noNamespaceSchemaLocation="https://maven.apache.org/surefire/maven-surefire-plugin/xsd/surefire-test-report-3.0.xsd" version="3.0" name="com.beymen.tests.BeymenTest" time="157.581" tests="1" errors="0" skipped="0" failures="0">
  <properties>
[...]
</properties>
  <testcase name="beymenShoppingTest" classname="com.beymen.tests.BeymenTest" time="153.123">
    <system-out><![CDATA[2025-12-03 16:45:08 [main] INFO  com.beymen.tests.BeymenTest - === Test Suite Started ===
2025-12-03 16:45:08 [main] INFO  com.beymen.utils.ConfigReader - Config properties loaded successfully
2025-12-03 16:45:08 [main] INFO  com.beymen.base.BaseTest - Starting browser: chrome
2025-12-03 16:45:12 [main] INFO  com.beymen.base.BaseTest - Navigated to: https://www.beymen.com
2025-12-03 16:45:12 [main] INFO  com.beymen.tests.BeymenTest - Step 1: Verifying homepage is loaded
2025-12-03 16:45:14 [main] INFO  com.beymen.pages.HomePage - Clicked on element: By.id: onetrust-accept-btn-handler
2025-12-03 16:45:14 [main] INFO  com.beymen.pages.HomePage - Cookies accepted
2025-12-03 16:45:16 [main] INFO  com.beymen.pages.HomePage - Clicked on element: By.cssSelector: .o-modal__closeButton
2025-12-03 16:45:16 [main] INFO  com.beymen.pages.HomePage - Gender popup closed
2025-12-03 16:45:19 [main] INFO  com.beymen.pages.HomePage - Homepage loaded: true
2025-12-03 16:45:19 [main] INFO  com.beymen.tests.BeymenTest - Homepage loaded successfully
2025-12-03 16:45:19 [main] INFO  com.beymen.tests.BeymenTest - Step 2-3: Reading 'şort' from Excel and searching
2025-12-03 16:45:19 [main] INFO  com.beymen.utils.ExcelReader - Excel file loaded: testdata.xlsx
2025-12-03 16:45:19 [main] INFO  com.beymen.utils.ExcelReader - Read cell [0,0]: şort
2025-12-03 16:45:19 [main] INFO  com.beymen.tests.BeymenTest - Search term from Excel (col 0, row 0): şort
2025-12-03 16:45:20 [main] INFO  com.beymen.pages.HomePage - Search box opened
2025-12-03 16:45:20 [main] INFO  com.beymen.pages.HomePage - Searched for: şort
2025-12-03 16:45:20 [main] INFO  com.beymen.tests.BeymenTest - Step 4: Clearing search box
2025-12-03 16:45:32 [main] WARN  com.beymen.pages.HomePage - Could not click search trigger: element click intercepted: Element <input maxlength="100" placeholder="Ürün, Marka Arayın" class="o-header__search--input"> is not clickable at point (822, 81). Other element would receive the click: <input id="o-searchSuggestion__input" name="qSugesstion" type="text" placeholder="Ürün, Marka Arayın" maxlength="100" autocomplete="off" autocapitalize="off" autocorrect="off" class="o-header__search--input">
  (Session info: chrome=142.0.7444.176)
Build info: version: '4.15.0', revision: '1d14b5521b'
System info: os.name: 'Mac OS X', os.arch: 'aarch64', os.version: '15.6.1', java.version: '25.0.1'
Driver info: org.openqa.selenium.chrome.ChromeDriver
Command: [d20cd4305d038027dabc2972dfb48dd8, clickElement {id=f.6EEAE2C7770902614B7F786069942C14.d.32ADB8548F4426A8CEA7EB648753CA8F.e.3}]
Capabilities {acceptInsecureCerts: false, browserName: chrome, browserVersion: 142.0.7444.176, chrome: {chromedriverVersion: 142.0.7444.175 (302067f14a4..., userDataDir: /var/folders/k5/zqcjy41d2vx...}, fedcm:accounts: true, goog:chromeOptions: {debuggerAddress: localhost:63992}, goog:processID: 11208, networkConnectionEnabled: false, pageLoadStrategy: normal, platformName: mac, proxy: Proxy(), se:cdp: ws://localhost:63992/devtoo..., se:cdpVersion: 142.0.7444.176, setWindowRect: true, strictFileInteractability: false, timeouts: {implicit: 0, pageLoad: 300000, script: 30000}, unhandledPromptBehavior: dismiss and notify, webauthn:extension:credBlob: true, webauthn:extension:largeBlob: true, webauthn:extension:minPinLength: true, webauthn:extension:prf: true, webauthn:virtualAuthenticators: true}
Element: [[ChromeDriver: chrome on mac (d20cd4305d038027dabc2972dfb48dd8)] -> css selector: input.o-header__search--input]
Session ID: d20cd4305d038027dabc2972dfb48dd8
2025-12-03 16:45:32 [main] INFO  com.beymen.pages.HomePage - Search box cleared
2025-12-03 16:45:32 [main] INFO  com.beymen.tests.BeymenTest - Step 5-6: Reading 'gömlek' from Excel and searching
2025-12-03 16:45:32 [main] INFO  com.beymen.utils.ExcelReader - Read cell [1,0]: gömlek
2025-12-03 16:45:32 [main] INFO  com.beymen.tests.BeymenTest - Search term from Excel (col 1, row 0): gömlek
2025-12-03 16:45:33 [main] WARN  com.beymen.pages.HomePage - Could not click search trigger: element click intercepted: Element <input maxlength="100" placeholder="Ürün, Marka Arayın" class="o-header__search--input"> is not clickable at point (822, 81). Other element would receive the click: <input id="o-searchSuggestion__input" name="qSugesstion" type="text" placeholder="Ürün, Marka Arayın" maxlength="100" autocomplete="off" autocapitalize="off" autocorrect="off" class="o-header__search--input">
  (Session info: chrome=142.0.7444.176)
Build info: version: '4.15.0', revision: '1d14b5521b'
System info: os.name: 'Mac OS X', os.arch: 'aarch64', os.version: '15.6.1', java.version: '25.0.1'
Driver info: org.openqa.selenium.chrome.ChromeDriver
Command: [d20cd4305d038027dabc2972dfb48dd8, clickElement {id=f.6EEAE2C7770902614B7F786069942C14.d.32ADB8548F4426A8CEA7EB648753CA8F.e.3}]
Capabilities {acceptInsecureCerts: false, browserName: chrome, browserVersion: 142.0.7444.176, chrome: {chromedriverVersion: 142.0.7444.175 (302067f14a4..., userDataDir: /var/folders/k5/zqcjy41d2vx...}, fedcm:accounts: true, goog:chromeOptions: {debuggerAddress: localhost:63992}, goog:processID: 11208, networkConnectionEnabled: false, pageLoadStrategy: normal, platformName: mac, proxy: Proxy(), se:cdp: ws://localhost:63992/devtoo..., se:cdpVersion: 142.0.7444.176, setWindowRect: true, strictFileInteractability: false, timeouts: {implicit: 0, pageLoad: 300000, script: 30000}, unhandledPromptBehavior: dismiss and notify, webauthn:extension:credBlob: true, webauthn:extension:largeBlob: true, webauthn:extension:minPinLength: true, webauthn:extension:prf: true, webauthn:virtualAuthenticators: true}
Element: [[ChromeDriver: chrome on mac (d20cd4305d038027dabc2972dfb48dd8)] -> css selector: input.o-header__search--input]
Session ID: d20cd4305d038027dabc2972dfb48dd8
2025-12-03 16:45:33 [main] INFO  com.beymen.pages.HomePage - Searched and submitted: gömlek
2025-12-03 16:45:34 [main] INFO  com.beymen.utils.ExcelReader - Excel workbook closed
2025-12-03 16:45:36 [main] INFO  com.beymen.tests.BeymenTest - Current URL after search: https://www.beymen.com/tr/search?q=g%C3%B6mlek
2025-12-03 16:45:36 [main] INFO  com.beymen.tests.BeymenTest - Step 7: Selecting random product
2025-12-03 16:45:56 [main] INFO  com.beymen.pages.SearchResultsPage - Found 48 product images with selector: [class*='productCard'] img
2025-12-03 16:45:56 [main] INFO  com.beymen.tests.BeymenTest - Product count: 48
2025-12-03 16:46:18 [main] INFO  com.beymen.pages.SearchResultsPage - Found 48 product images with selector: [class*='productCard'] img
2025-12-03 16:46:18 [main] INFO  com.beymen.pages.SearchResultsPage - Found 48 product images
2025-12-03 16:46:18 [main] INFO  com.beymen.pages.SearchResultsPage - Selecting random product at index: 1
2025-12-03 16:46:20 [main] INFO  com.beymen.pages.SearchResultsPage - Clicked on product image
2025-12-03 16:46:21 [main] INFO  com.beymen.pages.SearchResultsPage - Navigated to product page: https://www.beymen.com/tr/p_beymen-club-siyah-kapitoneli-dis-gomlek_1834472
2025-12-03 16:46:21 [main] INFO  com.beymen.tests.BeymenTest - Step 8: Writing product info to file
2025-12-03 16:46:21 [main] INFO  com.beymen.pages.ProductPage - Found element with selector: h1[class*='title']
2025-12-03 16:46:21 [main] INFO  com.beymen.pages.ProductPage - Product name: Beymen Club
Siyah Kapitoneli Dış Gömlek
2025-12-03 16:46:32 [main] INFO  com.beymen.pages.ProductPage - Product price found with XPath: 7.170 TL
2025-12-03 16:46:32 [main] INFO  com.beymen.pages.ProductPage - Returning cached product price: 7.170 TL
2025-12-03 16:46:32 [main] INFO  com.beymen.utils.FileWriterUtil - Product info written to file: Beymen Club
Siyah Kapitoneli Dış Gömlek - 7.170 TL
2025-12-03 16:46:32 [main] INFO  com.beymen.tests.BeymenTest - Product info written - Name: Beymen Club
Siyah Kapitoneli Dış Gömlek, Price: 7.170 TL
2025-12-03 16:46:32 [main] INFO  com.beymen.tests.BeymenTest - Step 9: Adding product to cart
2025-12-03 16:46:32 [main] INFO  com.beymen.pages.ProductPage - Size selected with selector: .m-variation__item:not(.-disabled):not(.m-variation__item--disabled)
2025-12-03 16:46:33 [main] INFO  com.beymen.pages.ProductPage - Found add to cart button with selector: #addBasket
2025-12-03 16:46:34 [main] INFO  com.beymen.pages.ProductPage - Product added to cart
2025-12-03 16:46:35 [main] INFO  com.beymen.tests.BeymenTest - Step 10: Navigating to cart and comparing prices
2025-12-03 16:46:37 [main] INFO  com.beymen.pages.ProductPage - Found Sepetim link with XPath: //span[contains(text(), 'Sepetim')]/ancestor::a
2025-12-03 16:46:38 [main] INFO  com.beymen.pages.ProductPage - Clicked on Sepetim link
2025-12-03 16:46:41 [main] INFO  com.beymen.pages.ProductPage - Cart page URL: https://www.beymen.com/tr/cart
2025-12-03 16:46:44 [main] INFO  com.beymen.pages.CartPage - Checking cart page URL: https://www.beymen.com/tr/cart
2025-12-03 16:46:44 [main] INFO  com.beymen.pages.CartPage - Cart page loaded: true
2025-12-03 16:46:57 [main] INFO  com.beymen.pages.CartPage - First item price found with selector '.m-basket__item:first-child [class*='price']': 11.950,00 TL
2025-12-03 16:46:57 [main] INFO  com.beymen.pages.CartPage - Price comparison - Product page: 7170.0, Cart: 11950.0, Match: false
2025-12-03 16:46:57 [main] INFO  com.beymen.tests.BeymenTest - Price comparison - Product page: 7170.0 TL, Cart: 11950.0 TL
2025-12-03 16:46:57 [main] INFO  com.beymen.tests.BeymenTest - Prices match: false
2025-12-03 16:46:57 [main] WARN  com.beymen.tests.BeymenTest - Price mismatch detected - this may be due to existing cart items or promotions
2025-12-03 16:46:57 [main] INFO  com.beymen.tests.BeymenTest - Step 11: Increasing quantity to 2
2025-12-03 16:47:09 [main] INFO  com.beymen.pages.CartPage - Quantity changed to: 2
2025-12-03 16:47:23 [main] INFO  com.beymen.pages.CartPage - Current quantity text: 2 adet
2025-12-03 16:47:23 [main] INFO  com.beymen.pages.CartPage - Parsed quantity: 2
2025-12-03 16:47:23 [main] INFO  com.beymen.tests.BeymenTest - Quantity verified: 2
2025-12-03 16:47:23 [main] INFO  com.beymen.tests.BeymenTest - Step 12: Removing product and verifying cart is empty
2025-12-03 16:47:25 [main] INFO  com.beymen.pages.CartPage - Product removed from cart with selector: .m-basket__remove
2025-12-03 16:47:45 [main] INFO  com.beymen.pages.CartPage - Cart appears to be empty
2025-12-03 16:47:45 [main] INFO  com.beymen.tests.BeymenTest - Cart is empty - Test completed successfully
]]></system-out>
    <system-err><![CDATA[SLF4J: No SLF4J providers were found.
SLF4J: Defaulting to no-operation (NOP) logger implementation
SLF4J: See https://www.slf4j.org/codes.html#noProviders for further details.
Dec 03, 2025 4:45:09 PM org.openqa.selenium.devtools.CdpVersionFinder findNearestMatch
WARNING: Unable to find CDP implementation matching 142
Dec 03, 2025 4:45:09 PM org.openqa.selenium.chromium.ChromiumDriver lambda$new$5
WARNING: Unable to find version of CDP to use for 142.0.7444.176. You may need to include a dependency on a specific version of the CDP using something similar to `org.seleniumhq.selenium:selenium-devtools-v86:4.15.0` where the version ("v86") matches the version of the chromium-based browser you're using and the version number of the artifact is the same as Selenium's.
]]></system-err>
  </testcase>
</testsuite>